<?xml version="1.0" encoding="UTF-8"?>
<testsuite name="masterSpringMvc.MasterSpringMvcApplicationTests" tests="0" skipped="0" failures="0" errors="0" timestamp="1970-01-01T00:00:00" hostname="PCLLE105" time="0.0">
  <properties/>
  <system-out><![CDATA[12:18:19.122 [Test worker] DEBUG o.s.t.c.j.SpringJUnit4ClassRunner - SpringJUnit4ClassRunner constructor called with [class masterSpringMvc.MasterSpringMvcApplicationTests]
12:18:19.133 [Test worker] DEBUG o.s.test.context.BootstrapUtils - Instantiating TestContextBootstrapper from class [org.springframework.test.context.support.DefaultTestContextBootstrapper]
12:18:19.148 [Test worker] DEBUG o.s.t.c.s.DefaultTestContextBootstrapper - Found explicit ContextLoader class [org.springframework.boot.test.SpringApplicationContextLoader] for context configuration attributes [ContextConfigurationAttributes@633141a6 declaringClass = 'masterSpringMvc.MasterSpringMvcApplicationTests', classes = '{class masterSpringMvc.MasterSpringMvcApplication}', locations = '{}', inheritLocations = true, initializers = '{}', inheritInitializers = true, name = [null], contextLoaderClass = 'org.springframework.boot.test.SpringApplicationContextLoader']
12:18:19.156 [Test worker] DEBUG o.s.t.c.support.ActiveProfilesUtils - Could not find an 'annotation declaring class' for annotation type [org.springframework.test.context.ActiveProfiles] and class [masterSpringMvc.MasterSpringMvcApplicationTests]
12:18:19.161 [Test worker] DEBUG o.s.t.c.s.DefaultTestContextBootstrapper - @TestExecutionListeners is not present for class [masterSpringMvc.MasterSpringMvcApplicationTests]: using defaults.
12:18:19.175 [Test worker] INFO  o.s.t.c.s.DefaultTestContextBootstrapper - Loaded default TestExecutionListener class names from location [META-INF/spring.factories]: [org.springframework.test.context.web.ServletTestExecutionListener, org.springframework.test.context.support.DependencyInjectionTestExecutionListener, org.springframework.test.context.support.DirtiesContextTestExecutionListener, org.springframework.test.context.transaction.TransactionalTestExecutionListener, org.springframework.test.context.jdbc.SqlScriptsTestExecutionListener]
12:18:19.193 [Test worker] INFO  o.s.t.c.s.DefaultTestContextBootstrapper - Using TestExecutionListeners: [org.springframework.test.context.web.ServletTestExecutionListener@2cd8aed7, org.springframework.test.context.support.DependencyInjectionTestExecutionListener@5aeddb5a, org.springframework.test.context.support.DirtiesContextTestExecutionListener@78cda7ce, org.springframework.test.context.transaction.TransactionalTestExecutionListener@545311ac, org.springframework.test.context.jdbc.SqlScriptsTestExecutionListener@3d94b3e7]
]]></system-out>
  <system-err><![CDATA[]]></system-err>
</testsuite>
